#
# There is insufficient memory for the Java Runtime Environment to continue.
# Native memory allocation (malloc) failed to allocate 122896 bytes for Chunk::new
# Possible reasons:
#   The system is out of physical RAM or swap space
#   The process is running with CompressedOops enabled, and the Java Heap may be blocking the growth of the native heap
# Possible solutions:
#   Reduce memory load on the system
#   Increase physical memory or swap space
#   Check if swap backing store is full
#   Decrease Java heap size (-Xmx/-Xms)
#   Decrease number of Java threads
#   Decrease Java thread stack sizes (-Xss)
#   Set larger code cache with -XX:ReservedCodeCacheSize=
#   JVM is running with Unscaled Compressed Oops mode in which the Java heap is
#     placed in the first 4GB address space. The Java Heap base address is the
#     maximum limit for the native heap growth. Please use -XX:HeapBaseMinAddress
#     to set the Java Heap base and to place the Java Heap above 4GB virtual address.
# This output file may be truncated or incomplete.
#
#  Out of Memory Error (t:/workspace/open/src/hotspot/share/memory/arena.cpp:196), pid=7528, tid=8168
#
# JRE version: Java(TM) SE Runtime Environment (13.0.2+8) (build 13.0.2+8)
# Java VM: Java HotSpot(TM) 64-Bit Server VM (13.0.2+8, mixed mode, sharing, tiered, compressed oops, parallel gc, windows-amd64)
# No core dump will be written. Minidumps are not enabled by default on client versions of Windows
#

---------------  S U M M A R Y ------------

Command Line: --add-modules=ALL-SYSTEM --add-opens=java.base/java.util=ALL-UNNAMED --add-opens=java.base/java.lang=ALL-UNNAMED -Declipse.application=org.eclipse.jdt.ls.core.id1 -Dosgi.bundles.defaultStartLevel=4 -Declipse.product=org.eclipse.jdt.ls.core.product -Dfile.encoding=utf8 -DwatchParentProcess=false -XX:+UseParallelGC -XX:GCTimeRatio=4 -XX:AdaptiveSizePolicyWeight=90 -Dsun.zip.disableMemoryMapping=true -Xmx1G -Xms100m c:\Users\ProGamer\.vscode\extensions\redhat.java-0.79.2\server\plugins\org.eclipse.equinox.launcher_1.6.100.v20201223-0822.jar -configuration c:\Users\ProGamer\AppData\Roaming\Code\User\globalStorage\redhat.java\0.79.2\config_ss_win -data c:\Users\ProGamer\AppData\Roaming\Code\User\workspaceStorage\3fdf54d519334bbee3a952a1b5dbe9eb\redhat.java\ss_ws

Host: Intel(R) Core(TM) i5-7400 CPU @ 3.00GHz, 4 cores, 15G,  Windows 10 , 64 bit Build 18362 (10.0.18362.1500)
Time: Sun Jun 13 20:19:20 2021 RTZ 2 (ceia) elapsed time: 80 seconds (0d 0h 1m 20s)

---------------  T H R E A D  ---------------

Current thread (0x000001a7644d0000):  JavaThread "C2 CompilerThread0" daemon [_thread_in_native, id=8168, stack(0x000000757d500000,0x000000757d600000)]


Current CompileTask:
C2:  80298 4980 % !   4       org.eclipse.jdt.internal.compiler.parser.Parser::parse @ 533 (913 bytes)

Stack: [0x000000757d500000,0x000000757d600000]
Native frames: (J=compiled Java code, j=interpreted, Vv=VM code, C=native code)
V  [jvm.dll+0x624f9a]
V  [jvm.dll+0x770cfa]
V  [jvm.dll+0x7724af]
V  [jvm.dll+0x772ab3]
V  [jvm.dll+0x24bf08]
V  [jvm.dll+0xc1e47]
V  [jvm.dll+0xc23cc]
V  [jvm.dll+0x2054b7]
V  [jvm.dll+0x5b8942]
V  [jvm.dll+0x5bc03d]
V  [jvm.dll+0x205ac7]
V  [jvm.dll+0x204e3f]
V  [jvm.dll+0x189c2c]
V  [jvm.dll+0x213e6d]
V  [jvm.dll+0x2120bb]
V  [jvm.dll+0x736bb6]
V  [jvm.dll+0x72fcaa]
V  [jvm.dll+0x623ea6]
C  [ucrtbase.dll+0x210b2]
C  [KERNEL32.DLL+0x17c24]
C  [ntdll.dll+0x6d721]


---------------  P R O C E S S  ---------------

Threads class SMR info:
_java_thread_list=0x000001a76a3d09a0, length=23, elements={
0x000001a74a43f000, 0x000001a74a4f9800, 0x000001a74a4fb000, 0x000001a7644cd800,
0x000001a7644cf000, 0x000001a7644d0000, 0x000001a7644d3000, 0x000001a76553c800,
0x000001a7655d9000, 0x000001a76567f000, 0x000001a765a02800, 0x000001a765aa6800,
0x000001a765aaf800, 0x000001a765ae6000, 0x000001a76641c000, 0x000001a76644a800,
0x000001a766ac6000, 0x000001a76672e000, 0x000001a76676a800, 0x000001a76676d800,
0x000001a766769000, 0x000001a76676b800, 0x000001a76596e000
}

Java Threads: ( => current thread )
  0x000001a74a43f000 JavaThread "main" [_thread_blocked, id=8468, stack(0x000000757ce00000,0x000000757cf00000)]
  0x000001a74a4f9800 JavaThread "Reference Handler" daemon [_thread_blocked, id=13048, stack(0x000000757d100000,0x000000757d200000)]
  0x000001a74a4fb000 JavaThread "Finalizer" daemon [_thread_blocked, id=15044, stack(0x000000757d200000,0x000000757d300000)]
  0x000001a7644cd800 JavaThread "Signal Dispatcher" daemon [_thread_blocked, id=2988, stack(0x000000757d300000,0x000000757d400000)]
  0x000001a7644cf000 JavaThread "Attach Listener" daemon [_thread_blocked, id=7080, stack(0x000000757d400000,0x000000757d500000)]
=>0x000001a7644d0000 JavaThread "C2 CompilerThread0" daemon [_thread_in_native, id=8168, stack(0x000000757d500000,0x000000757d600000)]
  0x000001a7644d3000 JavaThread "C1 CompilerThread0" daemon [_thread_blocked, id=9488, stack(0x000000757d600000,0x000000757d700000)]
  0x000001a76553c800 JavaThread "Sweeper thread" daemon [_thread_blocked, id=15380, stack(0x000000757d700000,0x000000757d800000)]
  0x000001a7655d9000 JavaThread "Common-Cleaner" daemon [_thread_blocked, id=8024, stack(0x000000757d800000,0x000000757d900000)]
  0x000001a76567f000 JavaThread "Service Thread" daemon [_thread_blocked, id=252, stack(0x000000757d900000,0x000000757da00000)]
  0x000001a765a02800 JavaThread "Active Thread: Equinox Container: a93e978e-477c-4486-abec-c03e93625e70" [_thread_blocked, id=11572, stack(0x000000757dc00000,0x000000757dd00000)]
  0x000001a765aa6800 JavaThread "Framework Event Dispatcher: Equinox Container: a93e978e-477c-4486-abec-c03e93625e70" daemon [_thread_blocked, id=15108, stack(0x000000757dd00000,0x000000757de00000)]
  0x000001a765aaf800 JavaThread "Start Level: Equinox Container: a93e978e-477c-4486-abec-c03e93625e70" daemon [_thread_blocked, id=12156, stack(0x000000757de00000,0x000000757df00000)]
  0x000001a765ae6000 JavaThread "SCR Component Actor" daemon [_thread_blocked, id=12484, stack(0x000000757df00000,0x000000757e000000)]
  0x000001a76641c000 JavaThread "Worker-JM" [_thread_blocked, id=10144, stack(0x000000757e400000,0x000000757e500000)]
  0x000001a76644a800 JavaThread "Worker-0" [_thread_blocked, id=748, stack(0x000000757e500000,0x000000757e600000)]
  0x000001a766ac6000 JavaThread "Worker-1" [_thread_blocked, id=7160, stack(0x000000757e600000,0x000000757e700000)]
  0x000001a76672e000 JavaThread "pool-1-thread-1" [_thread_in_native, id=12800, stack(0x000000757e700000,0x000000757e800000)]
  0x000001a76676a800 JavaThread "ForkJoinPool.commonPool-worker-3" daemon [_thread_blocked, id=6472, stack(0x000000757db00000,0x000000757dc00000)]
  0x000001a76676d800 JavaThread "ForkJoinPool.commonPool-worker-5" daemon [_thread_blocked, id=15320, stack(0x000000757e800000,0x000000757e900000)]
  0x000001a766769000 JavaThread "ForkJoinPool.commonPool-worker-7" daemon [_thread_blocked, id=7512, stack(0x000000757e900000,0x000000757ea00000)]
  0x000001a76676b800 JavaThread "Worker-2" [_thread_blocked, id=13572, stack(0x000000757e300000,0x000000757e400000)]
  0x000001a76596e000 JavaThread "C2 CompilerThread1" daemon [_thread_in_native, id=16276, stack(0x000000757cc00000,0x000000757cd00000)]

Other Threads:
  0x000001a74a4f6000 VMThread "VM Thread" [stack: 0x000000757d000000,0x000000757d100000] [id=14576]
  0x000001a765680800 WatcherThread [stack: 0x000000757da00000,0x000000757db00000] [id=15312]
  0x000001a74a455000 GCTaskThread "ParGC Thread#0" [stack: 0x000000757cf00000,0x000000757d000000] [id=6756]
  0x000001a765ae7000 GCTaskThread "ParGC Thread#1" [stack: 0x000000757e000000,0x000000757e100000] [id=10856]
  0x000001a765afa000 GCTaskThread "ParGC Thread#2" [stack: 0x000000757e100000,0x000000757e200000] [id=4828]
  0x000001a765afa800 GCTaskThread "ParGC Thread#3" [stack: 0x000000757e200000,0x000000757e300000] [id=11648]

Threads with active compile tasks:
C2 CompilerThread0    80612 4980 % !   4       org.eclipse.jdt.internal.compiler.parser.Parser::parse @ 533 (913 bytes)
C2 CompilerThread1    80613 4981   !   4       org.eclipse.jdt.internal.compiler.parser.Scanner::jumpOverMethodBody (2089 bytes)

VM state:not at safepoint (normal execution)

VM Mutex/Monitor currently owned by a thread: None

Heap address: 0x00000000c0000000, size: 1024 MB, Compressed Oops mode: 32-bit
Narrow klass base: 0x0000000800000000, Narrow klass shift: 3
Compressed class space size: 1073741824 Address: 0x0000000800b40000

Heap:
 PSYoungGen      total 24576K, used 17376K [0x00000000eab00000, 0x00000000ec600000, 0x0000000100000000)
  eden space 22016K, 76% used [0x00000000eab00000,0x00000000ebb80258,0x00000000ec080000)
  from space 2560K, 18% used [0x00000000ec180000,0x00000000ec1f8000,0x00000000ec400000)
  to   space 1024K, 0% used [0x00000000ec500000,0x00000000ec500000,0x00000000ec600000)
 ParOldGen       total 68608K, used 30868K [0x00000000c0000000, 0x00000000c4300000, 0x00000000eab00000)
  object space 68608K, 44% used [0x00000000c0000000,0x00000000c1e251d8,0x00000000c4300000)
 Metaspace       used 37771K, capacity 39412K, committed 39728K, reserved 1085440K
  class space    used 3570K, capacity 4150K, committed 4224K, reserved 1048576K

Card table byte_map: [0x000001a749f30000,0x000001a74a140000] _byte_map_base: 0x000001a749930000

Marking Bits: (ParMarkBitMap*) 0x00007ffbbef44110
 Begin Bits: [0x000001a761930000, 0x000001a762930000)
 End Bits:   [0x000001a762930000, 0x000001a763930000)

Polling page: 0x000001a7482d0000

Metaspace:

Usage:
  Non-class:     34.44 MB capacity,    33.40 MB ( 97%) used,   993.08 KB (  3%) free+waste,    68.06 KB ( <1%) overhead. 
      Class:      4.05 MB capacity,     3.49 MB ( 86%) used,   548.38 KB ( 13%) free+waste,    30.94 KB ( <1%) overhead. 
       Both:     38.49 MB capacity,    36.89 MB ( 96%) used,     1.51 MB (  4%) free+waste,    99.00 KB ( <1%) overhead. 

Virtual space:
  Non-class space:       36.00 MB reserved,      34.67 MB ( 96%) committed 
      Class space:        1.00 GB reserved,       4.13 MB ( <1%) committed 
             Both:        1.04 GB reserved,      38.80 MB (  4%) committed 

Chunk freelists:
   Non-Class:  50.00 KB
       Class:  10.00 KB
        Both:  60.00 KB

MaxMetaspaceSize: 17179869184.00 GB
CompressedClassSpaceSize: 1.00 GB

CodeHeap 'non-profiled nmethods': size=120000Kb used=2975Kb max_used=2975Kb free=117024Kb
 bounds [0x000001a75a400000, 0x000001a75a710000, 0x000001a761930000]
CodeHeap 'profiled nmethods': size=120000Kb used=11723Kb max_used=12240Kb free=108276Kb
 bounds [0x000001a752ed0000, 0x000001a753ae0000, 0x000001a75a400000]
CodeHeap 'non-nmethods': size=5760Kb used=1321Kb max_used=1395Kb free=4438Kb
 bounds [0x000001a752930000, 0x000001a752ba0000, 0x000001a752ed0000]
 total_blobs=7118 nmethods=4410 adapters=517
 compilation: enabled
              stopped_count=0, restarted_count=0
 full_count=0

Compilation events (20 events):
Event: 80.084 Thread 0x000001a7644d3000 nmethod 5003 0x000001a7531f8890 code [0x000001a7531f8a40, 0x000001a7531f8e30]
Event: 80.084 Thread 0x000001a7644d3000 5002       3       org.eclipse.jdt.internal.compiler.parser.diagnose.LexStream$Token::<init> (5 bytes)
Event: 80.084 Thread 0x000001a7644d3000 nmethod 5002 0x000001a753440b10 code [0x000001a753440cc0, 0x000001a753440e98]
Event: 80.084 Thread 0x000001a7644d3000 4998       3       org.eclipse.jdt.internal.compiler.parser.diagnose.LexStream::getToken (14 bytes)
Event: 80.084 Thread 0x000001a7644d3000 nmethod 4998 0x000001a753531010 code [0x000001a7535311c0, 0x000001a7535313f8]
Event: 80.084 Thread 0x000001a7644d3000 4999       3       org.eclipse.jdt.internal.compiler.parser.diagnose.LexStream::next (19 bytes)
Event: 80.084 Thread 0x000001a7644d3000 nmethod 4999 0x000001a753004e90 code [0x000001a753005040, 0x000001a753005218]
Event: 80.084 Thread 0x000001a7644d3000 5000       3       org.eclipse.jdt.internal.compiler.parser.diagnose.LexStream::kind (9 bytes)
Event: 80.084 Thread 0x000001a7644d3000 nmethod 5000 0x000001a75358b010 code [0x000001a75358b1c0, 0x000001a75358b370]
Event: 80.084 Thread 0x000001a7644d3000 5001       3       org.eclipse.jdt.internal.compiler.parser.diagnose.LexStream::start (9 bytes)
Event: 80.084 Thread 0x000001a7644d3000 nmethod 5001 0x000001a753368e90 code [0x000001a753369040, 0x000001a7533691f0]
Event: 80.084 Thread 0x000001a7644d3000 5005       3       org.eclipse.jdt.internal.compiler.parser.Parser::consumeAnnotationName (84 bytes)
Event: 80.085 Thread 0x000001a7644d3000 nmethod 5005 0x000001a7534f5e90 code [0x000001a7534f6060, 0x000001a7534f6570]
Event: 80.085 Thread 0x000001a7644d3000 5006       3       org.eclipse.jdt.internal.compiler.lookup.MethodBinding::isVoidMethod (14 bytes)
Event: 80.085 Thread 0x000001a7644d3000 nmethod 5006 0x000001a75300ed90 code [0x000001a75300ef40, 0x000001a75300f118]
Event: 80.086 Thread 0x000001a7644d3000 5009       3       org.eclipse.jdt.internal.core.CompilationUnit::isWorkingCopy (18 bytes)
Event: 80.086 Thread 0x000001a7644d3000 nmethod 5009 0x000001a7534f9e10 code [0x000001a7534f9fe0, 0x000001a7534fa4f0]
Event: 80.094 Thread 0x000001a76596e000 5008       4       org.eclipse.jdt.internal.compiler.lookup.ReferenceBinding::compare (53 bytes)
Event: 80.097 Thread 0x000001a76596e000 nmethod 5008 0x000001a75a55bd10 code [0x000001a75a55bea0, 0x000001a75a55c038]
Event: 80.097 Thread 0x000001a76596e000 4981   !   4       org.eclipse.jdt.internal.compiler.parser.Scanner::jumpOverMethodBody (2089 bytes)

GC Heap History (20 events):
Event: 5.023 GC heap before
{Heap before GC invocations=8 (full 1):
 PSYoungGen      total 27648K, used 27643K [0x00000000eab00000, 0x00000000ed000000, 0x0000000100000000)
  eden space 23040K, 100% used [0x00000000eab00000,0x00000000ec180000,0x00000000ec180000)
  from space 4608K, 99% used [0x00000000ec800000,0x00000000ecc7ec60,0x00000000ecc80000)
  to   space 6656K, 0% used [0x00000000ec180000,0x00000000ec180000,0x00000000ec800000)
 ParOldGen       total 68608K, used 11467K [0x00000000c0000000, 0x00000000c4300000, 0x00000000eab00000)
  object space 68608K, 16% used [0x00000000c0000000,0x00000000c0b32cc0,0x00000000c4300000)
 Metaspace       used 27106K, capacity 28676K, committed 28848K, reserved 1075200K
  class space    used 2653K, capacity 3234K, committed 3328K, reserved 1048576K
}
Event: 5.028 GC heap after
{Heap after GC invocations=8 (full 1):
 PSYoungGen      total 29184K, used 6543K [0x00000000eab00000, 0x00000000ecf00000, 0x0000000100000000)
  eden space 22528K, 0% used [0x00000000eab00000,0x00000000eab00000,0x00000000ec100000)
  from space 6656K, 98% used [0x00000000ec180000,0x00000000ec7e3dc0,0x00000000ec800000)
  to   space 7168K, 0% used [0x00000000ec800000,0x00000000ec800000,0x00000000ecf00000)
 ParOldGen       total 68608K, used 11475K [0x00000000c0000000, 0x00000000c4300000, 0x00000000eab00000)
  object space 68608K, 16% used [0x00000000c0000000,0x00000000c0b34cc0,0x00000000c4300000)
 Metaspace       used 27106K, capacity 28676K, committed 28848K, reserved 1075200K
  class space    used 2653K, capacity 3234K, committed 3328K, reserved 1048576K
}
Event: 5.095 GC heap before
{Heap before GC invocations=9 (full 1):
 PSYoungGen      total 29184K, used 29071K [0x00000000eab00000, 0x00000000ecf00000, 0x0000000100000000)
  eden space 22528K, 100% used [0x00000000eab00000,0x00000000ec100000,0x00000000ec100000)
  from space 6656K, 98% used [0x00000000ec180000,0x00000000ec7e3dc0,0x00000000ec800000)
  to   space 7168K, 0% used [0x00000000ec800000,0x00000000ec800000,0x00000000ecf00000)
 ParOldGen       total 68608K, used 11475K [0x00000000c0000000, 0x00000000c4300000, 0x00000000eab00000)
  object space 68608K, 16% used [0x00000000c0000000,0x00000000c0b34cc0,0x00000000c4300000)
 Metaspace       used 27147K, capacity 28772K, committed 28848K, reserved 1075200K
  class space    used 2663K, capacity 3266K, committed 3328K, reserved 1048576K
}
Event: 5.103 GC heap after
{Heap after GC invocations=9 (full 1):
 PSYoungGen      total 29184K, used 6932K [0x00000000eab00000, 0x00000000ecf00000, 0x0000000100000000)
  eden space 22016K, 0% used [0x00000000eab00000,0x00000000eab00000,0x00000000ec080000)
  from space 7168K, 96% used [0x00000000ec800000,0x00000000ecec5150,0x00000000ecf00000)
  to   space 7168K, 0% used [0x00000000ec100000,0x00000000ec100000,0x00000000ec800000)
 ParOldGen       total 68608K, used 13343K [0x00000000c0000000, 0x00000000c4300000, 0x00000000eab00000)
  object space 68608K, 19% used [0x00000000c0000000,0x00000000c0d07f58,0x00000000c4300000)
 Metaspace       used 27147K, capacity 28772K, committed 28848K, reserved 1075200K
  class space    used 2663K, capacity 3266K, committed 3328K, reserved 1048576K
}
Event: 5.210 GC heap before
{Heap before GC invocations=10 (full 1):
 PSYoungGen      total 29184K, used 28948K [0x00000000eab00000, 0x00000000ecf00000, 0x0000000100000000)
  eden space 22016K, 100% used [0x00000000eab00000,0x00000000ec080000,0x00000000ec080000)
  from space 7168K, 96% used [0x00000000ec800000,0x00000000ecec5150,0x00000000ecf00000)
  to   space 7168K, 0% used [0x00000000ec100000,0x00000000ec100000,0x00000000ec800000)
 ParOldGen       total 68608K, used 13343K [0x00000000c0000000, 0x00000000c4300000, 0x00000000eab00000)
  object space 68608K, 19% used [0x00000000c0000000,0x00000000c0d07f58,0x00000000c4300000)
 Metaspace       used 27148K, capacity 28772K, committed 28848K, reserved 1075200K
  class space    used 2663K, capacity 3266K, committed 3328K, reserved 1048576K
}
Event: 5.220 GC heap after
{Heap after GC invocations=10 (full 1):
 PSYoungGen      total 28672K, used 6272K [0x00000000eab00000, 0x00000000ecd80000, 0x0000000100000000)
  eden space 22016K, 0% used [0x00000000eab00000,0x00000000eab00000,0x00000000ec080000)
  from space 6656K, 94% used [0x00000000ec100000,0x00000000ec720020,0x00000000ec780000)
  to   space 6144K, 0% used [0x00000000ec780000,0x00000000ec780000,0x00000000ecd80000)
 ParOldGen       total 68608K, used 16050K [0x00000000c0000000, 0x00000000c4300000, 0x00000000eab00000)
  object space 68608K, 23% used [0x00000000c0000000,0x00000000c0fac990,0x00000000c4300000)
 Metaspace       used 27148K, capacity 28772K, committed 28848K, reserved 1075200K
  class space    used 2663K, capacity 3266K, committed 3328K, reserved 1048576K
}
Event: 5.276 GC heap before
{Heap before GC invocations=11 (full 1):
 PSYoungGen      total 28672K, used 28288K [0x00000000eab00000, 0x00000000ecd80000, 0x0000000100000000)
  eden space 22016K, 100% used [0x00000000eab00000,0x00000000ec080000,0x00000000ec080000)
  from space 6656K, 94% used [0x00000000ec100000,0x00000000ec720020,0x00000000ec780000)
  to   space 6144K, 0% used [0x00000000ec780000,0x00000000ec780000,0x00000000ecd80000)
 ParOldGen       total 68608K, used 16050K [0x00000000c0000000, 0x00000000c4300000, 0x00000000eab00000)
  object space 68608K, 23% used [0x00000000c0000000,0x00000000c0fac990,0x00000000c4300000)
 Metaspace       used 27148K, capacity 28772K, committed 28848K, reserved 1075200K
  class space    used 2663K, capacity 3266K, committed 3328K, reserved 1048576K
}
Event: 5.282 GC heap after
{Heap after GC invocations=11 (full 1):
 PSYoungGen      total 26112K, used 4032K [0x00000000eab00000, 0x00000000ecb80000, 0x0000000100000000)
  eden space 22016K, 0% used [0x00000000eab00000,0x00000000eab00000,0x00000000ec080000)
  from space 4096K, 98% used [0x00000000ec780000,0x00000000ecb70010,0x00000000ecb80000)
  to   space 5120K, 0% used [0x00000000ec180000,0x00000000ec180000,0x00000000ec680000)
 ParOldGen       total 68608K, used 20147K [0x00000000c0000000, 0x00000000c4300000, 0x00000000eab00000)
  object space 68608K, 29% used [0x00000000c0000000,0x00000000c13ace90,0x00000000c4300000)
 Metaspace       used 27148K, capacity 28772K, committed 28848K, reserved 1075200K
  class space    used 2663K, capacity 3266K, committed 3328K, reserved 1048576K
}
Event: 5.873 GC heap before
{Heap before GC invocations=12 (full 1):
 PSYoungGen      total 26112K, used 26048K [0x00000000eab00000, 0x00000000ecb80000, 0x0000000100000000)
  eden space 22016K, 100% used [0x00000000eab00000,0x00000000ec080000,0x00000000ec080000)
  from space 4096K, 98% used [0x00000000ec780000,0x00000000ecb70010,0x00000000ecb80000)
  to   space 5120K, 0% used [0x00000000ec180000,0x00000000ec180000,0x00000000ec680000)
 ParOldGen       total 68608K, used 20147K [0x00000000c0000000, 0x00000000c4300000, 0x00000000eab00000)
  object space 68608K, 29% used [0x00000000c0000000,0x00000000c13ace90,0x00000000c4300000)
 Metaspace       used 29049K, capacity 30757K, committed 30896K, reserved 1077248K
  class space    used 2897K, capacity 3505K, committed 3584K, reserved 1048576K
}
Event: 5.878 GC heap after
{Heap after GC invocations=12 (full 1):
 PSYoungGen      total 25088K, used 2629K [0x00000000eab00000, 0x00000000ec800000, 0x0000000100000000)
  eden space 22016K, 0% used [0x00000000eab00000,0x00000000eab00000,0x00000000ec080000)
  from space 3072K, 85% used [0x00000000ec180000,0x00000000ec4114b8,0x00000000ec480000)
  to   space 3584K, 0% used [0x00000000ec480000,0x00000000ec480000,0x00000000ec800000)
 ParOldGen       total 68608K, used 24145K [0x00000000c0000000, 0x00000000c4300000, 0x00000000eab00000)
  object space 68608K, 35% used [0x00000000c0000000,0x00000000c1794720,0x00000000c4300000)
 Metaspace       used 29049K, capacity 30757K, committed 30896K, reserved 1077248K
  class space    used 2897K, capacity 3505K, committed 3584K, reserved 1048576K
}
Event: 6.746 GC heap before
{Heap before GC invocations=13 (full 1):
 PSYoungGen      total 25088K, used 24645K [0x00000000eab00000, 0x00000000ec800000, 0x0000000100000000)
  eden space 22016K, 100% used [0x00000000eab00000,0x00000000ec080000,0x00000000ec080000)
  from space 3072K, 85% used [0x00000000ec180000,0x00000000ec4114b8,0x00000000ec480000)
  to   space 3584K, 0% used [0x00000000ec480000,0x00000000ec480000,0x00000000ec800000)
 ParOldGen       total 68608K, used 24145K [0x00000000c0000000, 0x00000000c4300000, 0x00000000eab00000)
  object space 68608K, 35% used [0x00000000c0000000,0x00000000c1794720,0x00000000c4300000)
 Metaspace       used 30933K, capacity 32558K, committed 32816K, reserved 1079296K
  class space    used 3053K, capacity 3615K, committed 3712K, reserved 1048576K
}
Event: 6.751 GC heap after
{Heap after GC invocations=13 (full 1):
 PSYoungGen      total 24576K, used 2080K [0x00000000eab00000, 0x00000000ec700000, 0x0000000100000000)
  eden space 22016K, 0% used [0x00000000eab00000,0x00000000eab00000,0x00000000ec080000)
  from space 2560K, 81% used [0x00000000ec480000,0x00000000ec688040,0x00000000ec700000)
  to   space 2560K, 0% used [0x00000000ec200000,0x00000000ec200000,0x00000000ec480000)
 ParOldGen       total 68608K, used 26653K [0x00000000c0000000, 0x00000000c4300000, 0x00000000eab00000)
  object space 68608K, 38% used [0x00000000c0000000,0x00000000c1a075f8,0x00000000c4300000)
 Metaspace       used 30933K, capacity 32558K, committed 32816K, reserved 1079296K
  class space    used 3053K, capacity 3615K, committed 3712K, reserved 1048576K
}
Event: 7.194 GC heap before
{Heap before GC invocations=14 (full 1):
 PSYoungGen      total 24576K, used 24096K [0x00000000eab00000, 0x00000000ec700000, 0x0000000100000000)
  eden space 22016K, 100% used [0x00000000eab00000,0x00000000ec080000,0x00000000ec080000)
  from space 2560K, 81% used [0x00000000ec480000,0x00000000ec688040,0x00000000ec700000)
  to   space 2560K, 0% used [0x00000000ec200000,0x00000000ec200000,0x00000000ec480000)
 ParOldGen       total 68608K, used 26653K [0x00000000c0000000, 0x00000000c4300000, 0x00000000eab00000)
  object space 68608K, 38% used [0x00000000c0000000,0x00000000c1a075f8,0x00000000c4300000)
 Metaspace       used 32874K, capacity 34495K, committed 34736K, reserved 1081344K
  class space    used 3229K, capacity 3813K, committed 3840K, reserved 1048576K
}
Event: 7.197 GC heap after
{Heap after GC invocations=14 (full 1):
 PSYoungGen      total 24576K, used 2533K [0x00000000eab00000, 0x00000000eca80000, 0x0000000100000000)
  eden space 22016K, 0% used [0x00000000eab00000,0x00000000eab00000,0x00000000ec080000)
  from space 2560K, 98% used [0x00000000ec200000,0x00000000ec479508,0x00000000ec480000)
  to   space 5120K, 0% used [0x00000000ec580000,0x00000000ec580000,0x00000000eca80000)
 ParOldGen       total 68608K, used 28392K [0x00000000c0000000, 0x00000000c4300000, 0x00000000eab00000)
  object space 68608K, 41% used [0x00000000c0000000,0x00000000c1bba0c8,0x00000000c4300000)
 Metaspace       used 32874K, capacity 34495K, committed 34736K, reserved 1081344K
  class space    used 3229K, capacity 3813K, committed 3840K, reserved 1048576K
}
Event: 7.307 GC heap before
{Heap before GC invocations=15 (full 1):
 PSYoungGen      total 24576K, used 5624K [0x00000000eab00000, 0x00000000eca80000, 0x0000000100000000)
  eden space 22016K, 14% used [0x00000000eab00000,0x00000000eae04b70,0x00000000ec080000)
  from space 2560K, 98% used [0x00000000ec200000,0x00000000ec479508,0x00000000ec480000)
  to   space 5120K, 0% used [0x00000000ec580000,0x00000000ec580000,0x00000000eca80000)
 ParOldGen       total 68608K, used 28392K [0x00000000c0000000, 0x00000000c4300000, 0x00000000eab00000)
  object space 68608K, 41% used [0x00000000c0000000,0x00000000c1bba0c8,0x00000000c4300000)
 Metaspace       used 33661K, capacity 35276K, committed 35376K, reserved 1081344K
  class space    used 3269K, capacity 3881K, committed 3968K, reserved 1048576K
}
Event: 7.311 GC heap after
{Heap after GC invocations=15 (full 1):
 PSYoungGen      total 23040K, used 828K [0x00000000eab00000, 0x00000000ec680000, 0x0000000100000000)
  eden space 22016K, 0% used [0x00000000eab00000,0x00000000eab00000,0x00000000ec080000)
  from space 1024K, 80% used [0x00000000ec580000,0x00000000ec64f090,0x00000000ec680000)
  to   space 2560K, 0% used [0x00000000ec180000,0x00000000ec180000,0x00000000ec400000)
 ParOldGen       total 68608K, used 30926K [0x00000000c0000000, 0x00000000c4300000, 0x00000000eab00000)
  object space 68608K, 45% used [0x00000000c0000000,0x00000000c1e33a88,0x00000000c4300000)
 Metaspace       used 33661K, capacity 35276K, committed 35376K, reserved 1081344K
  class space    used 3269K, capacity 3881K, committed 3968K, reserved 1048576K
}
Event: 7.311 GC heap before
{Heap before GC invocations=16 (full 2):
 PSYoungGen      total 23040K, used 828K [0x00000000eab00000, 0x00000000ec680000, 0x0000000100000000)
  eden space 22016K, 0% used [0x00000000eab00000,0x00000000eab00000,0x00000000ec080000)
  from space 1024K, 80% used [0x00000000ec580000,0x00000000ec64f090,0x00000000ec680000)
  to   space 2560K, 0% used [0x00000000ec180000,0x00000000ec180000,0x00000000ec400000)
 ParOldGen       total 68608K, used 30926K [0x00000000c0000000, 0x00000000c4300000, 0x00000000eab00000)
  object space 68608K, 45% used [0x00000000c0000000,0x00000000c1e33a88,0x00000000c4300000)
 Metaspace       used 33661K, capacity 35276K, committed 35376K, reserved 1081344K
  class space    used 3269K, capacity 3881K, committed 3968K, reserved 1048576K
}
Event: 7.427 GC heap after
{Heap after GC invocations=16 (full 2):
 PSYoungGen      total 23040K, used 0K [0x00000000eab00000, 0x00000000ec680000, 0x0000000100000000)
  eden space 22016K, 0% used [0x00000000eab00000,0x00000000eab00000,0x00000000ec080000)
  from space 1024K, 0% used [0x00000000ec580000,0x00000000ec580000,0x00000000ec680000)
  to   space 2560K, 0% used [0x00000000ec180000,0x00000000ec180000,0x00000000ec400000)
 ParOldGen       total 68608K, used 30860K [0x00000000c0000000, 0x00000000c4300000, 0x00000000eab00000)
  object space 68608K, 44% used [0x00000000c0000000,0x00000000c1e231d8,0x00000000c4300000)
 Metaspace       used 33661K, capacity 35276K, committed 35376K, reserved 1081344K
  class space    used 3269K, capacity 3881K, committed 3968K, reserved 1048576K
}
Event: 59.654 GC heap before
{Heap before GC invocations=17 (full 2):
 PSYoungGen      total 23040K, used 22016K [0x00000000eab00000, 0x00000000ec680000, 0x0000000100000000)
  eden space 22016K, 100% used [0x00000000eab00000,0x00000000ec080000,0x00000000ec080000)
  from space 1024K, 0% used [0x00000000ec580000,0x00000000ec580000,0x00000000ec680000)
  to   space 2560K, 0% used [0x00000000ec180000,0x00000000ec180000,0x00000000ec400000)
 ParOldGen       total 68608K, used 30860K [0x00000000c0000000, 0x00000000c4300000, 0x00000000eab00000)
  object space 68608K, 44% used [0x00000000c0000000,0x00000000c1e231d8,0x00000000c4300000)
 Metaspace       used 36177K, capacity 37787K, committed 38064K, reserved 1083392K
  class space    used 3449K, capacity 4014K, committed 4096K, reserved 1048576K
}
Event: 59.656 GC heap after
{Heap after GC invocations=17 (full 2):
 PSYoungGen      total 24576K, used 480K [0x00000000eab00000, 0x00000000ec600000, 0x0000000100000000)
  eden space 22016K, 0% used [0x00000000eab00000,0x00000000eab00000,0x00000000ec080000)
  from space 2560K, 18% used [0x00000000ec180000,0x00000000ec1f8000,0x00000000ec400000)
  to   space 1024K, 0% used [0x00000000ec500000,0x00000000ec500000,0x00000000ec600000)
 ParOldGen       total 68608K, used 30868K [0x00000000c0000000, 0x00000000c4300000, 0x00000000eab00000)
  object space 68608K, 44% used [0x00000000c0000000,0x00000000c1e251d8,0x00000000c4300000)
 Metaspace       used 36177K, capacity 37787K, committed 38064K, reserved 1083392K
  class space    used 3449K, capacity 4014K, committed 4096K, reserved 1048576K
}

Deoptimization events (20 events):
Event: 77.412 Thread 0x000001a76676a800 Uncommon trap: trap_request=0xffffffc6 fr.pc=0x000001a75a6e74c4 relative=0x0000000000000464
Event: 77.412 Thread 0x000001a76676a800 Uncommon trap: reason=bimorphic_or_optimized_type_check action=maybe_recompile pc=0x000001a75a6e74c4 method=org.eclipse.jdt.internal.compiler.parser.Parser.consumeRule(I)V @ 4247 c2
Event: 77.412 Thread 0x000001a76676a800 DEOPT PACKING pc=0x000001a75a6e74c4 sp=0x000000757dbfe210
Event: 77.412 Thread 0x000001a76676a800 DEOPT UNPACKING pc=0x000001a75297912f sp=0x000000757dbfe1b0 mode 2
Event: 77.412 Thread 0x000001a76676a800 Uncommon trap: trap_request=0xffffffc6 fr.pc=0x000001a75a6e7614 relative=0x00000000000005b4
Event: 77.412 Thread 0x000001a76676a800 Uncommon trap: reason=bimorphic_or_optimized_type_check action=maybe_recompile pc=0x000001a75a6e7614 method=org.eclipse.jdt.internal.compiler.parser.Parser.consumeRule(I)V @ 4226 c2
Event: 77.412 Thread 0x000001a76676a800 DEOPT PACKING pc=0x000001a75a6e7614 sp=0x000000757dbfe210
Event: 77.412 Thread 0x000001a76676a800 DEOPT UNPACKING pc=0x000001a75297912f sp=0x000000757dbfe1b0 mode 2
Event: 77.412 Thread 0x000001a76676a800 Uncommon trap: trap_request=0xffffffc6 fr.pc=0x000001a75a6e7724 relative=0x00000000000006c4
Event: 77.412 Thread 0x000001a76676a800 Uncommon trap: reason=bimorphic_or_optimized_type_check action=maybe_recompile pc=0x000001a75a6e7724 method=org.eclipse.jdt.internal.compiler.parser.Parser.consumeRule(I)V @ 4943 c2
Event: 77.412 Thread 0x000001a76676a800 DEOPT PACKING pc=0x000001a75a6e7724 sp=0x000000757dbfe210
Event: 77.412 Thread 0x000001a76676a800 DEOPT UNPACKING pc=0x000001a75297912f sp=0x000000757dbfe1b0 mode 2
Event: 77.412 Thread 0x000001a76676a800 Uncommon trap: trap_request=0xffffffc6 fr.pc=0x000001a75a6e728c relative=0x000000000000022c
Event: 77.412 Thread 0x000001a76676a800 Uncommon trap: reason=bimorphic_or_optimized_type_check action=maybe_recompile pc=0x000001a75a6e728c method=org.eclipse.jdt.internal.compiler.parser.Parser.consumeRule(I)V @ 4908 c2
Event: 77.412 Thread 0x000001a76676a800 DEOPT PACKING pc=0x000001a75a6e728c sp=0x000000757dbfe210
Event: 77.412 Thread 0x000001a76676a800 DEOPT UNPACKING pc=0x000001a75297912f sp=0x000000757dbfe1b0 mode 2
Event: 77.412 Thread 0x000001a76676a800 Uncommon trap: trap_request=0xffffffc6 fr.pc=0x000001a75a6e7480 relative=0x0000000000000420
Event: 77.412 Thread 0x000001a76676a800 Uncommon trap: reason=bimorphic_or_optimized_type_check action=maybe_recompile pc=0x000001a75a6e7480 method=org.eclipse.jdt.internal.compiler.parser.Parser.consumeRule(I)V @ 4240 c2
Event: 77.412 Thread 0x000001a76676a800 DEOPT PACKING pc=0x000001a75a6e7480 sp=0x000000757dbfe210
Event: 77.412 Thread 0x000001a76676a800 DEOPT UNPACKING pc=0x000001a75297912f sp=0x000000757dbfe1b0 mode 2

Classes unloaded (0 events):
No events

Classes redefined (0 events):
No events

Internal exceptions (20 events):
Event: 77.420 Thread 0x000001a76676a800 Exception <a 'java/lang/ArrayIndexOutOfBoundsException'{0x00000000eb9cb6b8}> (0x00000000eb9cb6b8) 
thrown [t:/workspace/open/src/hotspot/share/runtime/sharedRuntime.cpp, line 585]
Event: 78.911 Thread 0x000001a76676a800 Exception <a 'java/lang/ArrayIndexOutOfBoundsException'{0x00000000eba493a8}> (0x00000000eba493a8) 
thrown [t:/workspace/open/src/hotspot/share/runtime/sharedRuntime.cpp, line 585]
Event: 80.073 Thread 0x000001a76676a800 Exception <a 'java/lang/ArrayIndexOutOfBoundsException'{0x00000000ebab0408}> (0x00000000ebab0408) 
thrown [t:/workspace/open/src/hotspot/share/runtime/sharedRuntime.cpp, line 585]
Event: 80.074 Thread 0x000001a76676a800 Exception <a 'java/lang/ArrayIndexOutOfBoundsException'{0x00000000ebad0cc0}> (0x00000000ebad0cc0) 
thrown [t:/workspace/open/src/hotspot/share/runtime/sharedRuntime.cpp, line 585]
Event: 80.074 Thread 0x000001a76676a800 Exception <a 'java/lang/ArrayIndexOutOfBoundsException'{0x00000000ebad1dd0}> (0x00000000ebad1dd0) 
thrown [t:/workspace/open/src/hotspot/share/runtime/sharedRuntime.cpp, line 585]
Event: 80.074 Thread 0x000001a76676a800 Exception <a 'java/lang/ArrayIndexOutOfBoundsException'{0x00000000ebad2668}> (0x00000000ebad2668) 
thrown [t:/workspace/open/src/hotspot/share/runtime/sharedRuntime.cpp, line 585]
Event: 80.074 Thread 0x000001a76676a800 Exception <a 'java/lang/ArrayIndexOutOfBoundsException'{0x00000000ebad2f10}> (0x00000000ebad2f10) 
thrown [t:/workspace/open/src/hotspot/share/runtime/sharedRuntime.cpp, line 585]
Event: 80.075 Thread 0x000001a76676a800 Exception <a 'java/lang/ArrayIndexOutOfBoundsException'{0x00000000ebae3fe8}> (0x00000000ebae3fe8) 
thrown [t:/workspace/open/src/hotspot/share/runtime/sharedRuntime.cpp, line 585]
Event: 80.075 Thread 0x000001a76676a800 Exception <a 'java/lang/ArrayIndexOutOfBoundsException'{0x00000000ebae4868}> (0x00000000ebae4868) 
thrown [t:/workspace/open/src/hotspot/share/runtime/sharedRuntime.cpp, line 585]
Event: 80.075 Thread 0x000001a76676a800 Exception <a 'java/lang/ArrayIndexOutOfBoundsException'{0x00000000ebae50e0}> (0x00000000ebae50e0) 
thrown [t:/workspace/open/src/hotspot/share/runtime/sharedRuntime.cpp, line 585]
Event: 80.075 Thread 0x000001a76676a800 Exception <a 'java/lang/ArrayIndexOutOfBoundsException'{0x00000000ebae5d80}> (0x00000000ebae5d80) 
thrown [t:/workspace/open/src/hotspot/share/runtime/sharedRuntime.cpp, line 585]
Event: 80.076 Thread 0x000001a76676a800 Exception <a 'java/lang/ArrayIndexOutOfBoundsException'{0x00000000ebaf9cd0}> (0x00000000ebaf9cd0) 
thrown [t:/workspace/open/src/hotspot/share/runtime/sharedRuntime.cpp, line 585]
Event: 80.076 Thread 0x000001a76676a800 Exception <a 'java/lang/ArrayIndexOutOfBoundsException'{0x00000000ebafa538}> (0x00000000ebafa538) 
thrown [t:/workspace/open/src/hotspot/share/runtime/sharedRuntime.cpp, line 585]
Event: 80.079 Thread 0x000001a76676a800 Exception <a 'java/lang/ArrayIndexOutOfBoundsException'{0x00000000ebb20340}> (0x00000000ebb20340) 
thrown [t:/workspace/open/src/hotspot/share/runtime/sharedRuntime.cpp, line 585]
Event: 80.084 Thread 0x000001a76676a800 Exception <a 'java/lang/ArrayIndexOutOfBoundsException'{0x00000000ebb48670}> (0x00000000ebb48670) 
thrown [t:/workspace/open/src/hotspot/share/runtime/sharedRuntime.cpp, line 585]
Event: 80.084 Thread 0x000001a76676a800 Exception <a 'java/lang/ArrayIndexOutOfBoundsException'{0x00000000ebb49638}> (0x00000000ebb49638) 
thrown [t:/workspace/open/src/hotspot/share/runtime/sharedRuntime.cpp, line 585]
Event: 80.084 Thread 0x000001a76676a800 Exception <a 'java/lang/ArrayIndexOutOfBoundsException'{0x00000000ebb49f60}> (0x00000000ebb49f60) 
thrown [t:/workspace/open/src/hotspot/share/runtime/sharedRuntime.cpp, line 585]
Event: 80.084 Thread 0x000001a76676a800 Exception <a 'java/lang/ArrayIndexOutOfBoundsException'{0x00000000ebb4a808}> (0x00000000ebb4a808) 
thrown [t:/workspace/open/src/hotspot/share/runtime/sharedRuntime.cpp, line 585]
Event: 80.084 Thread 0x000001a76676a800 Exception <a 'java/lang/ArrayIndexOutOfBoundsException'{0x00000000ebb4b290}> (0x00000000ebb4b290) 
thrown [t:/workspace/open/src/hotspot/share/runtime/sharedRuntime.cpp, line 585]
Event: 80.084 Thread 0x000001a76676a800 Exception <a 'java/lang/ArrayIndexOutOfBoundsException'{0x00000000ebb4bb40}> (0x00000000ebb4bb40) 
thrown [t:/workspace/open/src/hotspot/share/runtime/sharedRuntime.cpp, line 585]

Events (20 events):
Event: 63.653 loading class java/util/regex/Pattern$Prolog
Event: 63.653 loading class java/util/regex/Pattern$Prolog done
Event: 63.656 loading class jdk/internal/reflect/UnsafeQualifiedObjectFieldAccessorImpl
Event: 63.657 loading class jdk/internal/reflect/UnsafeQualifiedObjectFieldAccessorImpl done
Event: 68.786 Thread 0x000001a76596e000 Thread exited: 0x000001a76596e000
Event: 77.410 Thread 0x000001a76596e000 Thread added: 0x000001a76596e000
Event: 77.424 Executing VM operation: Deoptimize
Event: 77.425 Executing VM operation: Deoptimize done
Event: 78.016 Thread 0x000001a76596e000 Thread exited: 0x000001a76596e000
Event: 78.017 loading class java/util/concurrent/CompletionException
Event: 78.017 loading class java/util/concurrent/CompletionException done
Event: 78.910 Executing VM operation: Deoptimize
Event: 78.910 Executing VM operation: Deoptimize done
Event: 80.069 loading class org/eclipse/jdt/ls/core/internal/syntaxserver/SyntaxLanguageServer
Event: 80.069 loading class org/eclipse/jdt/ls/core/internal/syntaxserver/SyntaxLanguageServer done
Event: 80.069 loading class org/eclipse/jdt/ls/core/internal/handlers/NavigateToDefinitionHandler
Event: 80.069 loading class org/eclipse/jdt/ls/core/internal/handlers/NavigateToDefinitionHandler done
Event: 80.069 loading class org/eclipse/core/runtime/IProgressMonitor
Event: 80.069 loading class org/eclipse/core/runtime/IProgressMonitor done
Event: 80.083 Thread 0x000001a76596e000 Thread added: 0x000001a76596e000


Dynamic libraries:
0x00007ff623ea0000 - 0x00007ff623eaf000 	D:\Java\jdk13\bin\java.exe
0x00007ffc2ef00000 - 0x00007ffc2f0f0000 	C:\Windows\SYSTEM32\ntdll.dll
0x00007ffc2e7a0000 - 0x00007ffc2e852000 	C:\Windows\System32\KERNEL32.DLL
0x00007ffc2bfe0000 - 0x00007ffc2c285000 	C:\Windows\System32\KERNELBASE.dll
0x00007ffc29bf0000 - 0x00007ffc29c7f000 	C:\Windows\SYSTEM32\apphelp.dll
0x00007ffc2be90000 - 0x00007ffc2bf8a000 	C:\Windows\System32\ucrtbase.dll
0x00007ffc27610000 - 0x00007ffc27628000 	D:\Java\jdk13\bin\jli.dll
0x00007ffc2d1c0000 - 0x00007ffc2d263000 	C:\Windows\System32\ADVAPI32.dll
0x00007ffc2e700000 - 0x00007ffc2e79e000 	C:\Windows\System32\msvcrt.dll
0x00007ffc2eb00000 - 0x00007ffc2eb97000 	C:\Windows\System32\sechost.dll
0x00007ffc2d270000 - 0x00007ffc2d38f000 	C:\Windows\System32\RPCRT4.dll
0x00007ffc2ed20000 - 0x00007ffc2eeb4000 	C:\Windows\System32\USER32.dll
0x00007ffc2c490000 - 0x00007ffc2c4b1000 	C:\Windows\System32\win32u.dll
0x00007ffc2e5d0000 - 0x00007ffc2e5f6000 	C:\Windows\System32\GDI32.dll
0x00007ffc2c290000 - 0x00007ffc2c428000 	C:\Windows\System32\gdi32full.dll
0x00007ffc2c600000 - 0x00007ffc2c69e000 	C:\Windows\System32\msvcp_win.dll
0x00007ffc27060000 - 0x00007ffc27075000 	D:\Java\jdk13\bin\VCRUNTIME140.dll
0x00007ffc1a0a0000 - 0x00007ffc1a324000 	C:\Windows\WinSxS\amd64_microsoft.windows.common-controls_6595b64144ccf1df_6.0.18362.1500_none_9e79be6de462295c\COMCTL32.dll
0x00007ffc2dcb0000 - 0x00007ffc2dfe6000 	C:\Windows\System32\combase.dll
0x00007ffc2c570000 - 0x00007ffc2c5f1000 	C:\Windows\System32\bcryptPrimitives.dll
0x00007ffc23d30000 - 0x00007ffc23d3a000 	C:\Windows\SYSTEM32\VERSION.dll
0x00007ffc2e600000 - 0x00007ffc2e62e000 	C:\Windows\System32\IMM32.DLL
0x00007ffc22000000 - 0x00007ffc2209b000 	D:\Java\jdk13\bin\msvcp140.dll
0x00007ffbbe4b0000 - 0x00007ffbbf00d000 	D:\Java\jdk13\bin\server\jvm.dll
0x00007ffc2d390000 - 0x00007ffc2d398000 	C:\Windows\System32\PSAPI.DLL
0x00007ffc26fb0000 - 0x00007ffc26fb9000 	C:\Windows\SYSTEM32\WSOCK32.dll
0x00007ffc2e8e0000 - 0x00007ffc2e94f000 	C:\Windows\System32\WS2_32.dll
0x00007ffc29ac0000 - 0x00007ffc29ae4000 	C:\Windows\SYSTEM32\WINMM.dll
0x00007ffc29a90000 - 0x00007ffc29abd000 	C:\Windows\SYSTEM32\WINMMBASE.dll
0x00007ffc2bf90000 - 0x00007ffc2bfda000 	C:\Windows\System32\cfgmgr32.dll
0x00007ffc2bdc0000 - 0x00007ffc2bdd1000 	C:\Windows\System32\kernel.appcore.dll
0x00007ffc26f20000 - 0x00007ffc26f30000 	D:\Java\jdk13\bin\verify.dll
0x00007ffc2a610000 - 0x00007ffc2a804000 	C:\Windows\SYSTEM32\DBGHELP.DLL
0x00007ffc17c30000 - 0x00007ffc17c5a000 	C:\Windows\SYSTEM32\dbgcore.DLL
0x00007ffc21fa0000 - 0x00007ffc21fc6000 	D:\Java\jdk13\bin\java.dll
0x00007ffc21f80000 - 0x00007ffc21f97000 	D:\Java\jdk13\bin\zip.dll
0x00007ffc21ff0000 - 0x00007ffc21ffa000 	D:\Java\jdk13\bin\jimage.dll
0x00007ffc2d480000 - 0x00007ffc2db68000 	C:\Windows\System32\SHELL32.dll
0x00007ffc2e630000 - 0x00007ffc2e6d7000 	C:\Windows\System32\shcore.dll
0x00007ffc2c800000 - 0x00007ffc2cf7b000 	C:\Windows\System32\windows.storage.dll
0x00007ffc2be50000 - 0x00007ffc2be6e000 	C:\Windows\System32\profapi.dll
0x00007ffc2be00000 - 0x00007ffc2be4a000 	C:\Windows\System32\powrprof.dll
0x00007ffc2bdb0000 - 0x00007ffc2bdc0000 	C:\Windows\System32\UMPDC.dll
0x00007ffc2e460000 - 0x00007ffc2e4b2000 	C:\Windows\System32\shlwapi.dll
0x00007ffc2be70000 - 0x00007ffc2be87000 	C:\Windows\System32\cryptsp.dll
0x00007ffc21f50000 - 0x00007ffc21f69000 	D:\Java\jdk13\bin\net.dll
0x00007ffc1d300000 - 0x00007ffc1d3fa000 	C:\Windows\SYSTEM32\WINHTTP.dll
0x00007ffc2b590000 - 0x00007ffc2b5f7000 	C:\Windows\system32\mswsock.dll
0x00007ffc21f30000 - 0x00007ffc21f43000 	D:\Java\jdk13\bin\nio.dll
0x00007ffc2b110000 - 0x00007ffc2b143000 	C:\Windows\system32\rsaenh.dll
0x00007ffc2cf80000 - 0x00007ffc2cfa6000 	C:\Windows\System32\bcrypt.dll
0x00007ffc2bca0000 - 0x00007ffc2bcc5000 	C:\Windows\SYSTEM32\USERENV.dll
0x00007ffc2b760000 - 0x00007ffc2b76c000 	C:\Windows\SYSTEM32\CRYPTBASE.dll
0x00007ffc2b2a0000 - 0x00007ffc2b2da000 	C:\Windows\SYSTEM32\IPHLPAPI.DLL
0x00007ffc2e6e0000 - 0x00007ffc2e6e8000 	C:\Windows\System32\NSI.dll
0x00007ffc24100000 - 0x00007ffc24116000 	C:\Windows\SYSTEM32\dhcpcsvc6.DLL
0x00007ffc24030000 - 0x00007ffc2404c000 	C:\Windows\SYSTEM32\dhcpcsvc.DLL
0x00007ffc2b2e0000 - 0x00007ffc2b3ab000 	C:\Windows\SYSTEM32\DNSAPI.dll
0x00007ffc1d850000 - 0x00007ffc1d879000 	C:\Users\ProGamer\AppData\Roaming\Code\User\globalStorage\redhat.java\0.79.2\config_ss_win\org.eclipse.equinox.launcher\org.eclipse.equinox.launcher.win32.win32.x86_64_1.2.200.v20210406-1409\eclipse_11401.dll

dbghelp: loaded successfully - version: 4.0.5 - missing functions: none
symbol engine: initialized successfully - sym options: 0x614 - pdb path: .;D:\Java\jdk13\bin;C:\Windows\SYSTEM32;C:\Windows\WinSxS\amd64_microsoft.windows.common-controls_6595b64144ccf1df_6.0.18362.1500_none_9e79be6de462295c;D:\Java\jdk13\bin\server;C:\Users\ProGamer\AppData\Roaming\Code\User\globalStorage\redhat.java\0.79.2\config_ss_win\org.eclipse.equinox.launcher\org.eclipse.equinox.launcher.win32.win32.x86_64_1.2.200.v20210406-1409

VM Arguments:
jvm_args: --add-modules=ALL-SYSTEM --add-opens=java.base/java.util=ALL-UNNAMED --add-opens=java.base/java.lang=ALL-UNNAMED -Declipse.application=org.eclipse.jdt.ls.core.id1 -Dosgi.bundles.defaultStartLevel=4 -Declipse.product=org.eclipse.jdt.ls.core.product -Dfile.encoding=utf8 -DwatchParentProcess=false -XX:+UseParallelGC -XX:GCTimeRatio=4 -XX:AdaptiveSizePolicyWeight=90 -Dsun.zip.disableMemoryMapping=true -Xmx1G -Xms100m 
java_command: c:\Users\ProGamer\.vscode\extensions\redhat.java-0.79.2\server\plugins\org.eclipse.equinox.launcher_1.6.100.v20201223-0822.jar -configuration c:\Users\ProGamer\AppData\Roaming\Code\User\globalStorage\redhat.java\0.79.2\config_ss_win -data c:\Users\ProGamer\AppData\Roaming\Code\User\workspaceStorage\3fdf54d519334bbee3a952a1b5dbe9eb\redhat.java\ss_ws
java_class_path (initial): c:\Users\ProGamer\.vscode\extensions\redhat.java-0.79.2\server\plugins\org.eclipse.equinox.launcher_1.6.100.v20201223-0822.jar
Launcher Type: SUN_STANDARD

[Global flags]
    uintx AdaptiveSizePolicyWeight                 = 90                                        {product} {command line}
     intx CICompilerCount                          = 3                                         {product} {ergonomic}
    uintx GCTimeRatio                              = 4                                         {product} {command line}
   size_t InitialHeapSize                          = 104857600                                 {product} {command line}
   size_t MaxHeapSize                              = 1073741824                                {product} {command line}
   size_t MaxNewSize                               = 357564416                                 {product} {ergonomic}
   size_t MinHeapDeltaBytes                        = 524288                                    {product} {ergonomic}
   size_t MinHeapSize                              = 104857600                                 {product} {command line}
   size_t NewSize                                  = 34603008                                  {product} {ergonomic}
    uintx NonNMethodCodeHeapSize                   = 5832780                                {pd product} {ergonomic}
    uintx NonProfiledCodeHeapSize                  = 122912730                              {pd product} {ergonomic}
   size_t OldSize                                  = 70254592                                  {product} {ergonomic}
    uintx ProfiledCodeHeapSize                     = 122912730                              {pd product} {ergonomic}
    uintx ReservedCodeCacheSize                    = 251658240                              {pd product} {ergonomic}
     bool SegmentedCodeCache                       = true                                      {product} {ergonomic}
   size_t SoftMaxHeapSize                          = 1073741824                             {manageable} {ergonomic}
     bool UseCompressedClassPointers               = true                                 {lp64_product} {ergonomic}
     bool UseCompressedOops                        = true                                 {lp64_product} {ergonomic}
     bool UseLargePagesIndividualAllocation        = false                                  {pd product} {ergonomic}
     bool UseParallelGC                            = true                                      {product} {command line}

Logging:
Log output configuration:
 #0: stdout all=warning uptime,level,tags
 #1: stderr all=off uptime,level,tags

Environment Variables:
JAVA_HOME=D:\Java\jdk13
PATH=C:\Program Files\Common Files\Oracle\Java\javapath;C:\ProgramData\Oracle\Java\javapath;C:\Program Files (x86)\Common Files\Intel\Shared Libraries\redist\intel64\compiler;C:\Program Files (x86)\Common Files\Oracle\Java\javapath;C:\Windows\system32;C:\Windows;C:\Windows\System32\Wbem;C:\Windows\System32\WindowsPowerShell\v1.0\;C:\Windows\System32\OpenSSH\;C:\Program Files\Git\cmd;C:\Program Files\dotnet\;C:\Program Files\Microsoft SQL Server\130\Tools\Binn\;C:\Program Files\Microsoft SQL Server\Client SDK\ODBC\170\Tools\Binn\;D:\WorldPainter;C:\Program Files\PuTTY\;C:\Users\ProGamer\AppData\Local\Programs\Python\Python38-32\Scripts\;C:\Users\ProGamer\AppData\Local\Programs\Python\Python38-32\;C:\Users\ProGamer\AppData\Local\Microsoft\WindowsApps;C:\Users\ProGamer\AppData\Local\Programs\Microsoft VS Code\bin;C:\Users\ProGamer\AppData\Local\GitHubDesktop\bin;D:\IntelliJ IDEA 2020.1.2\bin;;C:\Program Files\Java\jdk-14.0.1\bin;C:\Program Files\javafx-sdk-11.0.2\bin;D:\Nmap
USERNAME=ProGamer
OS=Windows_NT
PROCESSOR_IDENTIFIER=Intel64 Family 6 Model 158 Stepping 9, GenuineIntel



---------------  S Y S T E M  ---------------

OS: Windows 10 , 64 bit Build 18362 (10.0.18362.1500)

CPU:total 4 (initial active 4) (4 cores per cpu, 1 threads per core) family 6 model 158 stepping 9, cmov, cx8, fxsr, mmx, sse, sse2, sse3, ssse3, sse4.1, sse4.2, popcnt, avx, avx2, aes, clmul, erms, 3dnowpref, lzcnt, tsc, tscinvbit, bmi1, bmi2, adx, fma

Memory: 4k page, system-wide physical 16348M (5043M free)
TotalPageFile size 24713M (AvailPageFile size 2M)
current process WorkingSet (physical memory assigned to process): 210M, peak: 234M
current process commit charge ("private bytes"): 286M, peak: 308M

vm_info: Java HotSpot(TM) 64-Bit Server VM (13.0.2+8) for windows-amd64 JRE (13.0.2+8), built on Dec 11 2019 09:20:33 by "mach5one" with unknown MS VC++:1916

END.
